[EXPRESS] Express initialized
[AWS] AWS service initialized
Executing (default): DROP TABLE IF EXISTS `UserAddress`;
Executing (default): DROP TABLE IF EXISTS `users`;
[SEQUELIZE] Error during database service initialization
Error
    at Database.<anonymous> (D:\Propscoh\express-sequelize-boilerplate-main\node_modules\sequelize\lib\dialects\sqlite\query.js:185:27)
    at D:\Propscoh\express-sequelize-boilerplate-main\node_modules\sequelize\lib\dialects\sqlite\query.js:183:50
    at new Promise (<anonymous>)
    at Query.run (D:\Propscoh\express-sequelize-boilerplate-main\node_modules\sequelize\lib\dialects\sqlite\query.js:183:12)
    at D:\Propscoh\express-sequelize-boilerplate-main\node_modules\sequelize\lib\sequelize.js:315:28
    at async SQLiteQueryInterface.dropTable (D:\Propscoh\express-sequelize-boilerplate-main\node_modules\sequelize\lib\dialects\abstract\query-interface.js:111:5)
    at async User.drop (D:\Propscoh\express-sequelize-boilerplate-main\node_modules\sequelize\lib\model.js:1007:12)
    at async Sequelize.drop (D:\Propscoh\express-sequelize-boilerplate-main\node_modules\sequelize\lib\sequelize.js:429:9)
    at async Sequelize.sync (D:\Propscoh\express-sequelize-boilerplate-main\node_modules\sequelize\lib\sequelize.js:366:7)
    at async Object.init (D:\Propscoh\express-sequelize-boilerplate-main\src\services\sequelize.service.js:28:7) {
  name: 'SequelizeForeignKeyConstraintError',
  parent: [Error: SQLITE_CONSTRAINT: FOREIGN KEY constraint failed] {
    errno: 19,
    code: 'SQLITE_CONSTRAINT',
    sql: 'DROP TABLE IF EXISTS `users`;'
  },
  original: [Error: SQLITE_CONSTRAINT: FOREIGN KEY constraint failed] {
    errno: 19,
    code: 'SQLITE_CONSTRAINT',
    sql: 'DROP TABLE IF EXISTS `users`;'
  },
  sql: 'DROP TABLE IF EXISTS `users`;',
  parameters: {},
  table: undefined,
  fields: undefined,
  value: undefined,
  index: undefined,
  reltype: undefined
}
